<?xml version="1.0" encoding="UTF-8"?>
<testsuite xmlns:xsi="http://www.w3.org/2001/XMLSchema-instance" xsi:noNamespaceSchemaLocation="https://maven.apache.org/surefire/maven-surefire-plugin/xsd/surefire-test-report-3.0.xsd" version="3.0" name="testrunners.ApiTests" time="1.708" tests="3" errors="0" skipped="0" failures="0">
  <properties>
[...]
</properties>
  <testcase name="Get Category Details - User is successfully retrieved Name from response" classname="Get Category Details" time="0.816">
    <system-out><![CDATA[
@regression
Scenario: User is successfully retrieved Name from response                                                          &amp#27;[90m# features/GetCategory.feature:4&amp#27;[0m
  &amp#27;[32mGiven &amp#27;[0m&amp#27;[32mGet category request endpoint: &amp#27;[0m&amp#27;[32m&amp#27;[1m"https://api.tmsandbox.co.nz/v1/Categories/6329/Details.json?catalogue=false"&amp#27;[0m &amp#27;[90m# api.stepsdefinitions.GetCategorySteps.get_category_request_endpoint(java.lang.String)&amp#27;[0m
  &amp#27;[32mWhen &amp#27;[0m&amp#27;[32mUser sends request to get category&amp#27;[0m                                                                            &amp#27;[90m# api.stepsdefinitions.GetCategorySteps.user_sends_request_to_get_category()&amp#27;[0m
  &amp#27;[32mThen &amp#27;[0m&amp#27;[32mName value on the response is &amp#27;[0m&amp#27;[32m&amp#27;[1m"Home & garden"&amp#27;[0m                                                                 &amp#27;[90m# api.stepsdefinitions.GetCategorySteps.name_value_on_the_response(java.lang.String)&amp#27;[0m
]]></system-out>
    <system-err><![CDATA[SLF4J: No SLF4J providers were found.
SLF4J: Defaulting to no-operation (NOP) logger implementation
SLF4J: See https://www.slf4j.org/codes.html#noProviders for further details.
]]></system-err>
  </testcase>
  <testcase name="Get Category Details - User is successfully retrieved CanRelist from response" classname="Get Category Details" time="0.344">
    <system-out><![CDATA[
@regression
Scenario: User is successfully retrieved CanRelist from response                                                     &amp#27;[90m# features/GetCategory.feature:9&amp#27;[0m
  &amp#27;[32mGiven &amp#27;[0m&amp#27;[32mGet category request endpoint: &amp#27;[0m&amp#27;[32m&amp#27;[1m"https://api.tmsandbox.co.nz/v1/Categories/6329/Details.json?catalogue=false"&amp#27;[0m &amp#27;[90m# api.stepsdefinitions.GetCategorySteps.get_category_request_endpoint(java.lang.String)&amp#27;[0m
  &amp#27;[32mWhen &amp#27;[0m&amp#27;[32mUser sends request to get category&amp#27;[0m                                                                            &amp#27;[90m# api.stepsdefinitions.GetCategorySteps.user_sends_request_to_get_category()&amp#27;[0m
  &amp#27;[32mThen &amp#27;[0m&amp#27;[32mCanRelist value on the response is True&amp#27;[0m                                                                       &amp#27;[90m# api.stepsdefinitions.GetCategorySteps.canRelist_value_on_the_response()&amp#27;[0m
]]></system-out>
  </testcase>
  <testcase name="Get Category Details - User is successfully retrieved description from response" classname="Get Category Details" time="0.427">
    <system-out><![CDATA[
@regression
Scenario: User is successfully retrieved description from response                                                   &amp#27;[90m# features/GetCategory.feature:14&amp#27;[0m
  &amp#27;[32mGiven &amp#27;[0m&amp#27;[32mGet category request endpoint: &amp#27;[0m&amp#27;[32m&amp#27;[1m"https://api.tmsandbox.co.nz/v1/Categories/6329/Details.json?catalogue=false"&amp#27;[0m &amp#27;[90m# api.stepsdefinitions.GetCategorySteps.get_category_request_endpoint(java.lang.String)&amp#27;[0m
  &amp#27;[32mWhen &amp#27;[0m&amp#27;[32mUser sends request to get category&amp#27;[0m                                                                            &amp#27;[90m# api.stepsdefinitions.GetCategorySteps.user_sends_request_to_get_category()&amp#27;[0m
  &amp#27;[32mThen &amp#27;[0m&amp#27;[32mPromotions with the Name:Feature has description equal to &amp#27;[0m&amp#27;[32m&amp#27;[1m"Better position in category"&amp#27;[0m                       &amp#27;[90m# api.stepsdefinitions.GetCategorySteps.promotions_with_the_name_feature_has_description_equal_to(java.lang.String)&amp#27;[0m
]]></system-out>
  </testcase>
</testsuite>